07:39:45 INFO  o.s.h.c.SpringJpaConfiguration - JPA config set up with dbConnector of type org.smurve.hsr2014.utils.db.hsql.HSqlConnector
07:39:48 DEBUG o.s.h.security.AuditLoggerAspect - User: wolfie - Action: create - On: Contract - with ID: b4n9sr0v+sV7S6MQEZ6E8A
07:39:48 DEBUG o.s.h.s.RestrictionBasedMethodPermissionEvaluator - evaluating permissions for wolfie, org.smurve.hsr2014.domain.Contract@66fbc5e7, createOrUpdate
07:39:48 INFO  o.s.h.s.ResourceAccessControlService - Getting Roles for org.smurve.hsr2014.domain.Contract and method createOrUpdate
07:39:48 DEBUG o.s.h.s.RestrictionBasedMethodPermissionEvaluator - evaluating permissions for wolfie, org.smurve.hsr2014.domain.Contract@4a1a256d, read
07:39:48 INFO  o.s.h.s.ResourceAccessControlService - Getting Roles for org.smurve.hsr2014.domain.Contract and method read
07:39:48 DEBUG o.s.h.s.RestrictionBasedMethodPermissionEvaluator - evaluating permissions for wolfie, org.smurve.hsr2014.domain.Contract@5974b233, read
07:39:48 INFO  o.s.h.s.ResourceAccessControlService - Getting Roles for org.smurve.hsr2014.domain.Contract and method read
07:39:48 DEBUG o.s.h.security.AuditLoggerAspect - User: anonymous - Action: create - On: Contract - with ID: qqWRAgPG10KGwpMdjt2niw
07:39:49 DEBUG o.s.h.security.AuditLoggerAspect - User: wolfie - Action: create - On: Contract - with ID: DjnXTA53LuXUPw6gT6Rx0w
07:39:49 DEBUG o.s.h.s.RestrictionBasedMethodPermissionEvaluator - evaluating permissions for wolfie, org.smurve.hsr2014.domain.Contract@433d9680, createOrUpdate
07:39:49 INFO  o.s.h.s.ResourceAccessControlService - Getting Roles for org.smurve.hsr2014.domain.Contract and method createOrUpdate
07:39:49 DEBUG o.s.h.s.RestrictionBasedMethodPermissionEvaluator - evaluating permissions for wolfie, org.smurve.hsr2014.domain.Contract@29bcf51d, read
07:39:49 INFO  o.s.h.s.ResourceAccessControlService - Getting Roles for org.smurve.hsr2014.domain.Contract and method read
07:39:49 DEBUG o.s.h.security.AuditLoggerAspect - User: wolfie - Action: create - On: Contract - with ID: EUGu4ZnPwBo55Nu3rO7dzA
07:39:49 DEBUG o.s.h.s.RestrictionBasedMethodPermissionEvaluator - evaluating permissions for wolfie, org.smurve.hsr2014.domain.Contract@4bc6da03, createOrUpdate
07:39:49 INFO  o.s.h.s.ResourceAccessControlService - Getting Roles for org.smurve.hsr2014.domain.Contract and method createOrUpdate
07:39:49 DEBUG o.s.h.security.AuditLoggerAspect - User: harry - Action: create - On: Contract - with ID: sslwTvZXFF4bwbkA946K4w
07:39:49 DEBUG o.s.h.s.RestrictionBasedMethodPermissionEvaluator - evaluating permissions for harry, org.smurve.hsr2014.domain.Contract@729c8063, createOrUpdate
07:39:49 INFO  o.s.h.s.ResourceAccessControlService - Getting Roles for org.smurve.hsr2014.domain.Contract and method createOrUpdate
07:39:49 DEBUG o.s.h.s.RestrictionBasedMethodPermissionEvaluator - evaluating permissions for harry, org.smurve.hsr2014.domain.Contract@310b2b6f, read
07:39:49 INFO  o.s.h.s.ResourceAccessControlService - Getting Roles for org.smurve.hsr2014.domain.Contract and method read
07:39:49 DEBUG o.s.h.s.RestrictionBasedMethodPermissionEvaluator - evaluating permissions for harry, org.smurve.hsr2014.domain.Contract@6909f6be, read
07:39:49 INFO  o.s.h.s.ResourceAccessControlService - Getting Roles for org.smurve.hsr2014.domain.Contract and method read
07:39:49 DEBUG o.s.h.s.RestrictionBasedMethodPermissionEvaluator - evaluating permissions for wolfie, org.smurve.hsr2014.domain.Contract@2eda4eeb, read
07:39:49 INFO  o.s.h.s.ResourceAccessControlService - Getting Roles for org.smurve.hsr2014.domain.Contract and method read
07:39:49 DEBUG o.s.h.s.RestrictionBasedMethodPermissionEvaluator - evaluating permissions for wolfie, org.smurve.hsr2014.domain.Contract@5ba90d8a, read
07:39:49 INFO  o.s.h.s.ResourceAccessControlService - Getting Roles for org.smurve.hsr2014.domain.Contract and method read
07:39:49 DEBUG o.s.h.security.AuditLoggerAspect - User: wolfie - Action: create - On: Contract - with ID: voWDS16P31yh2rTMdCBvzw
07:39:49 DEBUG o.s.h.s.RestrictionBasedMethodPermissionEvaluator - evaluating permissions for wolfie, org.smurve.hsr2014.domain.Contract@2d7637e6, createOrUpdate
07:39:49 INFO  o.s.h.s.ResourceAccessControlService - Getting Roles for org.smurve.hsr2014.domain.Contract and method createOrUpdate
07:39:50 DEBUG o.s.h.security.AuditLoggerAspect - User: wolfie - Action: create - On: Contract - with ID: dYj_CLW7idJOzJk5466QNA
07:39:50 DEBUG o.s.h.s.RestrictionBasedMethodPermissionEvaluator - evaluating permissions for wolfie, org.smurve.hsr2014.domain.Contract@40bf4386, createOrUpdate
07:39:50 INFO  o.s.h.s.ResourceAccessControlService - Getting Roles for org.smurve.hsr2014.domain.Contract and method createOrUpdate
19:46:48 INFO  o.s.h.c.SpringJpaConfiguration - JPA config set up with dbConnector of type org.smurve.hsr2014.utils.db.hsql.HSqlConnector
19:46:51 DEBUG o.s.h.security.AuditLoggerAspect - User: wolfie - Action: create - On: Contract - with ID: zRxBi3Tav2CX3KOSQeRzGw
19:46:51 DEBUG o.s.h.s.RestrictionBasedMethodPermissionEvaluator - evaluating permissions for wolfie, org.smurve.hsr2014.domain.Contract@285583d4, createOrUpdate
19:46:51 INFO  o.s.h.s.ResourceAccessControlService - Getting Roles for org.smurve.hsr2014.domain.Contract and method createOrUpdate
19:46:51 DEBUG o.s.h.s.RestrictionBasedMethodPermissionEvaluator - evaluating permissions for wolfie, org.smurve.hsr2014.domain.Contract@7364eed1, read
19:46:51 INFO  o.s.h.s.ResourceAccessControlService - Getting Roles for org.smurve.hsr2014.domain.Contract and method read
19:46:51 DEBUG o.s.h.s.RestrictionBasedMethodPermissionEvaluator - evaluating permissions for wolfie, org.smurve.hsr2014.domain.Contract@750f64fe, read
19:46:51 INFO  o.s.h.s.ResourceAccessControlService - Getting Roles for org.smurve.hsr2014.domain.Contract and method read
19:46:51 DEBUG o.s.h.security.AuditLoggerAspect - User: anonymous - Action: create - On: Contract - with ID: 1sveTDcDpzTzI2x2xtVWvA
19:46:51 DEBUG o.s.h.security.AuditLoggerAspect - User: wolfie - Action: create - On: Contract - with ID: Yw8vE4nAg6KY7VVQ1rLOQg
19:46:51 DEBUG o.s.h.s.RestrictionBasedMethodPermissionEvaluator - evaluating permissions for wolfie, org.smurve.hsr2014.domain.Contract@1f992a3a, createOrUpdate
19:46:51 INFO  o.s.h.s.ResourceAccessControlService - Getting Roles for org.smurve.hsr2014.domain.Contract and method createOrUpdate
19:46:51 DEBUG o.s.h.s.RestrictionBasedMethodPermissionEvaluator - evaluating permissions for wolfie, org.smurve.hsr2014.domain.Contract@3b24087d, read
19:46:51 INFO  o.s.h.s.ResourceAccessControlService - Getting Roles for org.smurve.hsr2014.domain.Contract and method read
19:46:52 DEBUG o.s.h.security.AuditLoggerAspect - User: wolfie - Action: create - On: Contract - with ID: rSQ7106A7e+U32+OPtMKlA
19:46:52 DEBUG o.s.h.s.RestrictionBasedMethodPermissionEvaluator - evaluating permissions for wolfie, org.smurve.hsr2014.domain.Contract@411cd156, createOrUpdate
19:46:52 INFO  o.s.h.s.ResourceAccessControlService - Getting Roles for org.smurve.hsr2014.domain.Contract and method createOrUpdate
19:46:52 DEBUG o.s.h.security.AuditLoggerAspect - User: harry - Action: create - On: Contract - with ID: 2_6O2q1ATDdVOv7t_bCMhQ
19:46:52 DEBUG o.s.h.s.RestrictionBasedMethodPermissionEvaluator - evaluating permissions for harry, org.smurve.hsr2014.domain.Contract@feb098f, createOrUpdate
19:46:52 INFO  o.s.h.s.ResourceAccessControlService - Getting Roles for org.smurve.hsr2014.domain.Contract and method createOrUpdate
19:46:52 DEBUG o.s.h.s.RestrictionBasedMethodPermissionEvaluator - evaluating permissions for harry, org.smurve.hsr2014.domain.Contract@315c081, read
19:46:52 INFO  o.s.h.s.ResourceAccessControlService - Getting Roles for org.smurve.hsr2014.domain.Contract and method read
19:46:52 DEBUG o.s.h.s.RestrictionBasedMethodPermissionEvaluator - evaluating permissions for harry, org.smurve.hsr2014.domain.Contract@6b2dd3df, read
19:46:52 INFO  o.s.h.s.ResourceAccessControlService - Getting Roles for org.smurve.hsr2014.domain.Contract and method read
19:46:52 DEBUG o.s.h.s.RestrictionBasedMethodPermissionEvaluator - evaluating permissions for wolfie, org.smurve.hsr2014.domain.Contract@2eda4eeb, read
19:46:52 INFO  o.s.h.s.ResourceAccessControlService - Getting Roles for org.smurve.hsr2014.domain.Contract and method read
19:46:52 DEBUG o.s.h.s.RestrictionBasedMethodPermissionEvaluator - evaluating permissions for wolfie, org.smurve.hsr2014.domain.Contract@5ba90d8a, read
19:46:52 INFO  o.s.h.s.ResourceAccessControlService - Getting Roles for org.smurve.hsr2014.domain.Contract and method read
19:46:52 DEBUG o.s.h.security.AuditLoggerAspect - User: wolfie - Action: create - On: Contract - with ID: eJ7sG9A7+uC1idLnxvhMtw
19:46:52 DEBUG o.s.h.s.RestrictionBasedMethodPermissionEvaluator - evaluating permissions for wolfie, org.smurve.hsr2014.domain.Contract@48268eec, createOrUpdate
19:46:52 INFO  o.s.h.s.ResourceAccessControlService - Getting Roles for org.smurve.hsr2014.domain.Contract and method createOrUpdate
19:46:53 DEBUG o.s.h.security.AuditLoggerAspect - User: wolfie - Action: create - On: Contract - with ID: NDbFaZVv_Y7e8vFx0ZUaaQ
19:46:53 DEBUG o.s.h.s.RestrictionBasedMethodPermissionEvaluator - evaluating permissions for wolfie, org.smurve.hsr2014.domain.Contract@4c731956, createOrUpdate
19:46:53 INFO  o.s.h.s.ResourceAccessControlService - Getting Roles for org.smurve.hsr2014.domain.Contract and method createOrUpdate
